[debug] [2023-11-13T20:22:10.761Z] ----------------------------------------------------------------------
[debug] [2023-11-13T20:22:10.763Z] Command:       C:\Program Files\nodejs\node.exe C:\Users\user\AppData\Roaming\npm\node_modules\firebase-tools\lib\bin\firebase.js deploy
[debug] [2023-11-13T20:22:10.763Z] CLI Version:   12.5.2
[debug] [2023-11-13T20:22:10.763Z] Platform:      win32
[debug] [2023-11-13T20:22:10.763Z] Node Version:  v20.9.0
[debug] [2023-11-13T20:22:10.763Z] Time:          Mon Nov 13 2023 21:22:10 GMT+0100 (UTC+01:00)
[debug] [2023-11-13T20:22:10.763Z] ----------------------------------------------------------------------
[debug] 
[debug] [2023-11-13T20:22:10.765Z] >>> [apiv2][query] GET https://firebase-public.firebaseio.com/cli.json [none]
[debug] [2023-11-13T20:22:10.843Z] > command requires scopes: ["email","openid","https://www.googleapis.com/auth/cloudplatformprojects.readonly","https://www.googleapis.com/auth/firebase","https://www.googleapis.com/auth/cloud-platform"]
[debug] [2023-11-13T20:22:10.843Z] > authorizing via signed-in user (daymiichrak18@gmail.com)
[debug] [2023-11-13T20:22:10.843Z] [iam] checking project protofolio-5b7ea for permissions ["firebase.projects.get","firebasehosting.sites.update"]
[debug] [2023-11-13T20:22:10.844Z] > refreshing access token with scopes: []
[debug] [2023-11-13T20:22:10.844Z] >>> [apiv2][query] POST https://www.googleapis.com/oauth2/v3/token [none]
[debug] [2023-11-13T20:22:10.844Z] >>> [apiv2][body] POST https://www.googleapis.com/oauth2/v3/token [omitted]
[debug] [2023-11-13T20:22:19.432Z] <<< [apiv2][status] GET https://firebase-public.firebaseio.com/cli.json 200
[debug] [2023-11-13T20:22:19.433Z] <<< [apiv2][body] GET https://firebase-public.firebaseio.com/cli.json {"cloudBuildErrorAfter":1594252800000,"cloudBuildWarnAfter":1590019200000,"defaultNode10After":1594252800000,"minVersion":"3.0.5","node8DeploysDisabledAfter":1613390400000,"node8RuntimeDisabledAfter":1615809600000,"node8WarnAfter":1600128000000}
[debug] [2023-11-13T20:22:19.725Z] <<< [apiv2][status] POST https://www.googleapis.com/oauth2/v3/token 400
[debug] [2023-11-13T20:22:19.726Z] <<< [apiv2][body] POST https://www.googleapis.com/oauth2/v3/token [omitted]
[debug] [2023-11-13T20:22:19.726Z] >>> [apiv2][query] POST https://cloudresourcemanager.googleapis.com/v1/projects/protofolio-5b7ea:testIamPermissions [none]
[debug] [2023-11-13T20:22:19.726Z] >>> [apiv2][(partial)header] POST https://cloudresourcemanager.googleapis.com/v1/projects/protofolio-5b7ea:testIamPermissions x-goog-quota-user=projects/protofolio-5b7ea
[debug] [2023-11-13T20:22:19.726Z] >>> [apiv2][body] POST https://cloudresourcemanager.googleapis.com/v1/projects/protofolio-5b7ea:testIamPermissions {"permissions":["firebase.projects.get","firebasehosting.sites.update"]}
[debug] [2023-11-13T20:22:20.682Z] <<< [apiv2][status] POST https://cloudresourcemanager.googleapis.com/v1/projects/protofolio-5b7ea:testIamPermissions 401
[debug] [2023-11-13T20:22:20.682Z] <<< [apiv2][body] POST https://cloudresourcemanager.googleapis.com/v1/projects/protofolio-5b7ea:testIamPermissions {"error":{"code":401,"message":"Request had invalid authentication credentials. Expected OAuth 2 access token, login cookie or other valid authentication credential. See https://developers.google.com/identity/sign-in/web/devconsole-project.","status":"UNAUTHENTICATED","details":[{"@type":"type.googleapis.com/google.rpc.ErrorInfo","reason":"ACCESS_TOKEN_TYPE_UNSUPPORTED","metadata":{"service":"cloudresourcemanager.googleapis.com","method":"google.cloudresourcemanager.v1.Projects.TestIamPermissions"}}]}}
[debug] [2023-11-13T20:22:20.683Z] [iam] error while checking permissions, command may fail: FirebaseError: HTTP Error: 401, Request had invalid authentication credentials. Expected OAuth 2 access token, login cookie or other valid authentication credential. See https://developers.google.com/identity/sign-in/web/devconsole-project.
[debug] [2023-11-13T20:22:20.683Z] > refreshing access token with scopes: []
[debug] [2023-11-13T20:22:20.684Z] >>> [apiv2][query] POST https://www.googleapis.com/oauth2/v3/token [none]
[debug] [2023-11-13T20:22:20.684Z] >>> [apiv2][body] POST https://www.googleapis.com/oauth2/v3/token [omitted]
[debug] [2023-11-13T20:22:20.792Z] <<< [apiv2][status] POST https://www.googleapis.com/oauth2/v3/token 400
[debug] [2023-11-13T20:22:20.792Z] <<< [apiv2][body] POST https://www.googleapis.com/oauth2/v3/token [omitted]
[debug] [2023-11-13T20:22:20.793Z] >>> [apiv2][query] GET https://firebase.googleapis.com/v1beta1/projects/protofolio-5b7ea [none]
[debug] [2023-11-13T20:22:21.106Z] <<< [apiv2][status] GET https://firebase.googleapis.com/v1beta1/projects/protofolio-5b7ea 401
[debug] [2023-11-13T20:22:21.106Z] <<< [apiv2][body] GET https://firebase.googleapis.com/v1beta1/projects/protofolio-5b7ea {"error":{"code":401,"message":"Request had invalid authentication credentials. Expected OAuth 2 access token, login cookie or other valid authentication credential. See https://developers.google.com/identity/sign-in/web/devconsole-project.","status":"UNAUTHENTICATED"}}
[debug] [2023-11-13T20:22:21.106Z] HTTP Error: 401, Request had invalid authentication credentials. Expected OAuth 2 access token, login cookie or other valid authentication credential. See https://developers.google.com/identity/sign-in/web/devconsole-project.
[debug] [2023-11-13T20:22:21.412Z] FirebaseError: HTTP Error: 401, Request had invalid authentication credentials. Expected OAuth 2 access token, login cookie or other valid authentication credential. See https://developers.google.com/identity/sign-in/web/devconsole-project.
    at responseToError (C:\Users\user\AppData\Roaming\npm\node_modules\firebase-tools\lib\responseToError.js:49:12)
    at RetryOperation._fn (C:\Users\user\AppData\Roaming\npm\node_modules\firebase-tools\lib\apiv2.js:285:77)
    at process.processTicksAndRejections (node:internal/process/task_queues:95:5)
[error] 
[error] Error: Failed to get Firebase project protofolio-5b7ea. Please make sure the project exists and your account has permission to access it.
[debug] [2023-11-13T20:30:07.503Z] ----------------------------------------------------------------------
[debug] [2023-11-13T20:30:07.505Z] Command:       C:\Program Files\nodejs\node.exe C:\Users\user\AppData\Roaming\npm\node_modules\firebase-tools\lib\bin\firebase.js deploy
[debug] [2023-11-13T20:30:07.505Z] CLI Version:   12.5.2
[debug] [2023-11-13T20:30:07.505Z] Platform:      win32
[debug] [2023-11-13T20:30:07.505Z] Node Version:  v20.9.0
[debug] [2023-11-13T20:30:07.505Z] Time:          Mon Nov 13 2023 21:30:07 GMT+0100 (UTC+01:00)
[debug] [2023-11-13T20:30:07.505Z] ----------------------------------------------------------------------
[debug] 
[debug] [2023-11-13T20:30:07.557Z] > command requires scopes: ["email","openid","https://www.googleapis.com/auth/cloudplatformprojects.readonly","https://www.googleapis.com/auth/firebase","https://www.googleapis.com/auth/cloud-platform"]
[debug] [2023-11-13T20:30:07.557Z] > authorizing via signed-in user (daymiichrak18@gmail.com)
[debug] [2023-11-13T20:30:07.558Z] [iam] checking project protofolio-5b7ea for permissions ["firebase.projects.get","firebasehosting.sites.update"]
[debug] [2023-11-13T20:30:07.558Z] > refreshing access token with scopes: []
[debug] [2023-11-13T20:30:07.559Z] >>> [apiv2][query] POST https://www.googleapis.com/oauth2/v3/token [none]
[debug] [2023-11-13T20:30:07.560Z] >>> [apiv2][body] POST https://www.googleapis.com/oauth2/v3/token [omitted]
[debug] [2023-11-13T20:30:07.929Z] <<< [apiv2][status] POST https://www.googleapis.com/oauth2/v3/token 400
[debug] [2023-11-13T20:30:07.929Z] <<< [apiv2][body] POST https://www.googleapis.com/oauth2/v3/token [omitted]
[debug] [2023-11-13T20:30:07.929Z] >>> [apiv2][query] POST https://cloudresourcemanager.googleapis.com/v1/projects/protofolio-5b7ea:testIamPermissions [none]
[debug] [2023-11-13T20:30:07.929Z] >>> [apiv2][(partial)header] POST https://cloudresourcemanager.googleapis.com/v1/projects/protofolio-5b7ea:testIamPermissions x-goog-quota-user=projects/protofolio-5b7ea
[debug] [2023-11-13T20:30:07.929Z] >>> [apiv2][body] POST https://cloudresourcemanager.googleapis.com/v1/projects/protofolio-5b7ea:testIamPermissions {"permissions":["firebase.projects.get","firebasehosting.sites.update"]}
[debug] [2023-11-13T20:30:10.514Z] <<< [apiv2][status] POST https://cloudresourcemanager.googleapis.com/v1/projects/protofolio-5b7ea:testIamPermissions 401
[debug] [2023-11-13T20:30:10.514Z] <<< [apiv2][body] POST https://cloudresourcemanager.googleapis.com/v1/projects/protofolio-5b7ea:testIamPermissions {"error":{"code":401,"message":"Request had invalid authentication credentials. Expected OAuth 2 access token, login cookie or other valid authentication credential. See https://developers.google.com/identity/sign-in/web/devconsole-project.","status":"UNAUTHENTICATED","details":[{"@type":"type.googleapis.com/google.rpc.ErrorInfo","reason":"ACCESS_TOKEN_TYPE_UNSUPPORTED","metadata":{"method":"google.cloudresourcemanager.v1.Projects.TestIamPermissions","service":"cloudresourcemanager.googleapis.com"}}]}}
[debug] [2023-11-13T20:30:10.515Z] [iam] error while checking permissions, command may fail: FirebaseError: HTTP Error: 401, Request had invalid authentication credentials. Expected OAuth 2 access token, login cookie or other valid authentication credential. See https://developers.google.com/identity/sign-in/web/devconsole-project.
[debug] [2023-11-13T20:30:10.515Z] > refreshing access token with scopes: []
[debug] [2023-11-13T20:30:10.515Z] >>> [apiv2][query] POST https://www.googleapis.com/oauth2/v3/token [none]
[debug] [2023-11-13T20:30:10.515Z] >>> [apiv2][body] POST https://www.googleapis.com/oauth2/v3/token [omitted]
[debug] [2023-11-13T20:30:10.609Z] <<< [apiv2][status] POST https://www.googleapis.com/oauth2/v3/token 400
[debug] [2023-11-13T20:30:10.609Z] <<< [apiv2][body] POST https://www.googleapis.com/oauth2/v3/token [omitted]
[debug] [2023-11-13T20:30:10.609Z] >>> [apiv2][query] GET https://firebase.googleapis.com/v1beta1/projects/protofolio-5b7ea [none]
[debug] [2023-11-13T20:30:10.953Z] <<< [apiv2][status] GET https://firebase.googleapis.com/v1beta1/projects/protofolio-5b7ea 401
[debug] [2023-11-13T20:30:10.953Z] <<< [apiv2][body] GET https://firebase.googleapis.com/v1beta1/projects/protofolio-5b7ea {"error":{"code":401,"message":"Request had invalid authentication credentials. Expected OAuth 2 access token, login cookie or other valid authentication credential. See https://developers.google.com/identity/sign-in/web/devconsole-project.","status":"UNAUTHENTICATED"}}
[debug] [2023-11-13T20:30:10.953Z] HTTP Error: 401, Request had invalid authentication credentials. Expected OAuth 2 access token, login cookie or other valid authentication credential. See https://developers.google.com/identity/sign-in/web/devconsole-project.
[debug] [2023-11-13T20:30:11.172Z] FirebaseError: HTTP Error: 401, Request had invalid authentication credentials. Expected OAuth 2 access token, login cookie or other valid authentication credential. See https://developers.google.com/identity/sign-in/web/devconsole-project.
    at responseToError (C:\Users\user\AppData\Roaming\npm\node_modules\firebase-tools\lib\responseToError.js:49:12)
    at RetryOperation._fn (C:\Users\user\AppData\Roaming\npm\node_modules\firebase-tools\lib\apiv2.js:285:77)
    at process.processTicksAndRejections (node:internal/process/task_queues:95:5)
[error] 
[error] Error: Failed to get Firebase project protofolio-5b7ea. Please make sure the project exists and your account has permission to access it.
